============================= test session starts =============================
platform win32 -- Python 3.8.3, pytest-6.2.1, py-1.10.0, pluggy-0.13.1 -- c:\users\ajey\appdata\local\programs\python\python38-32\python.exe
cachedir: .pytest_cache
rootdir: D:\Python_Learning_Repository\learn_python_forever\pytest\excercises
collecting ... collected 5 items

test/test_operation.py::test_add_num PASSED
test/test_operation.py::test_sub_num PASSED
test/test_operation.py::test_mul_num PASSED
test/test_operation.py::test_div_num PASSED
test/test_operation.py::test_odd_even PASSED

============================== 5 passed in 0.07s ==============================
